TN:
SF:utils\HashPassword.js
FN:7,hashPassword
FN:11,comparePasswords
FNF:2
FNH:2
FNDA:1,hashPassword
FNDA:2,comparePasswords
DA:1,1
DA:2,1
DA:3,1
DA:4,1
DA:5,1
DA:6,1
DA:7,1
DA:8,1
DA:9,1
DA:10,1
DA:11,1
DA:12,2
DA:13,2
DA:14,1
LF:14
LH:14
BRDA:1,0,0,1
BRDA:7,1,0,1
BRDA:11,2,0,2
BRF:3
BRH:3
end_of_record
TN:
SF:utils\ipEncryption.js
FN:5,encryptIpAddress
FN:9,decryptIpAddress
FNF:2
FNH:2
FNDA:1,encryptIpAddress
FNDA:1,decryptIpAddress
DA:1,1
DA:2,1
DA:3,1
DA:4,1
DA:5,1
DA:6,1
DA:7,1
DA:8,1
DA:9,1
DA:10,1
DA:11,1
DA:12,1
LF:12
LH:12
BRDA:1,0,0,1
BRDA:5,1,0,1
BRDA:9,2,0,1
BRF:3
BRH:3
end_of_record
TN:
SF:utils\randomCode.js
FN:7,generateHash
FN:17,generatedUserId
FNF:2
FNH:2
FNDA:5,generateHash
FNDA:2,generatedUserId
DA:1,1
DA:2,1
DA:3,1
DA:4,1
DA:5,1
DA:6,1
DA:7,5
DA:8,5
DA:9,5
DA:10,5
DA:11,15
DA:12,15
DA:13,15
DA:14,5
DA:15,5
DA:16,5
DA:17,2
DA:18,2
DA:19,2
DA:20,2
DA:21,2
DA:22,1
DA:23,1
LF:23
LH:23
BRDA:1,0,0,1
BRDA:7,1,0,5
BRDA:10,2,0,15
BRDA:17,3,0,2
BRDA:18,4,0,1
BRF:5
BRH:5
end_of_record
